<?xml version="1.0" encoding="UTF-8"?>
<!-- Generated by org.testng.reporters.JUnitReportReporter -->
<testsuite skipped="0" hostname="Krishnas-MacBook-Pro.local" name="day22.com.automationtesting.testng.BeforeAndAfterClass" tests="4" failures="0" timestamp="25 Aug 2017 02:16:38 GMT" time="0.018" errors="0">
  <testcase name="firstGroupMethodOne" time="0.007" classname="day22.com.automationtesting.testng.BeforeAndAfterClass"/>
  <testcase name="firstGroupMethodTwo" time="0.005" classname="day22.com.automationtesting.testng.BeforeAndAfterClass"/>
  <testcase name="secondGroupMethodTwo" time="0.004" classname="day22.com.automationtesting.testng.BeforeAndAfterClass"/>
  <testcase name="secondGroupMethodOne" time="0.002" classname="day22.com.automationtesting.testng.BeforeAndAfterClass"/>
</testsuite> <!-- day22.com.automationtesting.testng.BeforeAndAfterClass -->
