<?xml version="1.0" encoding="UTF-8"?>
<!-- Generated by org.testng.reporters.JUnitReportReporter -->
<testsuite skipped="0" hostname="Krishnas-MacBook-Pro.local" name="day22.com.automationtesting.testng.DataProviderInSameClass" tests="4" failures="0" timestamp="26 Aug 2017 01:42:20 GMT" time="0.017" errors="0">
  <testcase name="testCase1" time="0.001" classname="day22.com.automationtesting.testng.DataProviderInSameClass"/>
  <testcase name="testCase2" time="0.002" classname="day22.com.automationtesting.testng.DataProviderInSameClass"/>
  <testcase name="testCase2" time="0.002" classname="day22.com.automationtesting.testng.DataProviderInSameClass"/>
  <testcase name="testCase1" time="0.012" classname="day22.com.automationtesting.testng.DataProviderInSameClass"/>
</testsuite> <!-- day22.com.automationtesting.testng.DataProviderInSameClass -->
