<?xml version="1.0" encoding="UTF-8"?>
<!-- Generated by org.testng.reporters.JUnitReportReporter -->
<testsuite skipped="0" hostname="Krishnas-MacBook-Pro.local" name="day22.com.automationtesting.testng.DataProviderWithMultipleParameters" tests="3" failures="0" timestamp="26 Aug 2017 01:50:51 GMT" time="0.020" errors="0">
  <testcase name="testCase" time="0.006" classname="day22.com.automationtesting.testng.DataProviderWithMultipleParameters"/>
  <testcase name="testCase" time="0.004" classname="day22.com.automationtesting.testng.DataProviderWithMultipleParameters"/>
  <testcase name="testCase" time="0.010" classname="day22.com.automationtesting.testng.DataProviderWithMultipleParameters"/>
</testsuite> <!-- day22.com.automationtesting.testng.DataProviderWithMultipleParameters -->
