<?xml version="1.0" encoding="UTF-8"?>
<!-- Generated by org.testng.reporters.JUnitReportReporter -->
<testsuite skipped="0" hostname="Krishnas-MacBook-Pro.local" name="day22.com.automationtesting.testng.ParametrizationUsingXmlFile" tests="2" failures="0" timestamp="26 Aug 2017 01:56:00 GMT" time="0.004" errors="0">
  <testcase name="testCase2" time="0.002" classname="day22.com.automationtesting.testng.ParametrizationUsingXmlFile"/>
  <testcase name="testCase1" time="0.002" classname="day22.com.automationtesting.testng.ParametrizationUsingXmlFile"/>
</testsuite> <!-- day22.com.automationtesting.testng.ParametrizationUsingXmlFile -->
